<?xml version="1.0" encoding="UTF-8"?>
<!-- Generated by org.testng.reporters.JUnitReportReporter -->
<testsuite skipped="0" hostname="DESKTOP-VC51R8V" name="com.reqres.DummyApiTest" tests="1" failures="0" timestamp="2022-04-02T11:34:40 IST" time="6.446" errors="0">
  <testcase name="getList" time="6.446" classname="com.reqres.DummyApiTest"/>
  <system-out/>
</testsuite> <!-- com.reqres.DummyApiTest -->
